<?xml version="1.0" encoding="UTF-8"?>
<!-- Generated by org.testng.reporters.JUnitReportReporter -->
<testsuite hostname="DESKTOP-IE0H25K" failures="0" tests="1" name="com.test.po.CoursePage" time="4.556" errors="0" timestamp="2024-05-14T12:43:32 IST" skipped="0">
  <testcase classname="com.test.po.CoursePage" name="getAllCourseName" time="4.556"/>
</testsuite> <!-- com.test.po.CoursePage -->
