<?xml version="1.0" encoding="UTF-8"?>
<!-- Generated by org.testng.reporters.JUnitReportReporter -->
<testsuite hostname="DESKTOP-IE0H25K" failures="0" tests="1" name="com.tests.CourseNameTest" time="16.468" errors="0" timestamp="2024-05-19T16:04:28 IST" skipped="0">
  <testcase classname="com.tests.CourseNameTest" name="clickOnCourseList" time="16.468"/>
</testsuite> <!-- com.tests.CourseNameTest -->
